distributed.nanny - INFO -         Start Nanny at: 'tcp://10.19.15.17:33716'
distributed.nanny - INFO -         Start Nanny at: 'tcp://10.19.15.17:33269'
distributed.nanny - INFO -         Start Nanny at: 'tcp://10.19.15.17:37883'
distributed.nanny - INFO -         Start Nanny at: 'tcp://10.19.15.17:45459'
distributed.nanny - INFO -         Start Nanny at: 'tcp://10.19.15.17:37685'
distributed.nanny - INFO -         Start Nanny at: 'tcp://10.19.15.17:34129'
distributed.nanny - INFO -         Start Nanny at: 'tcp://10.19.15.17:40989'
distributed.nanny - INFO -         Start Nanny at: 'tcp://10.19.15.17:45043'
distributed.diskutils - INFO - Found stale lock file and directory '/scratch/users/kipnisal/dask-worker-space/worker-_u19vidz', purging
distributed.diskutils - INFO - Found stale lock file and directory '/scratch/users/kipnisal/dask-worker-space/worker-plvnko2g', purging
distributed.diskutils - INFO - Found stale lock file and directory '/scratch/users/kipnisal/dask-worker-space/worker-xf6eilq6', purging
distributed.diskutils - INFO - Found stale lock file and directory '/scratch/users/kipnisal/dask-worker-space/worker-ind1vn0r', purging
distributed.diskutils - INFO - Found stale lock file and directory '/scratch/users/kipnisal/dask-worker-space/worker-l4zdh6gv', purging
distributed.diskutils - INFO - Found stale lock file and directory '/scratch/users/kipnisal/dask-worker-space/worker-2txfrnac', purging
distributed.diskutils - INFO - Found stale lock file and directory '/scratch/users/kipnisal/dask-worker-space/worker-t57_u3q5', purging
distributed.diskutils - INFO - Found stale lock file and directory '/scratch/users/kipnisal/dask-worker-space/worker-z8oc9_6n', purging
distributed.diskutils - INFO - Found stale lock file and directory '/scratch/users/kipnisal/dask-worker-space/worker-1v95ro31', purging
distributed.diskutils - INFO - Found stale lock file and directory '/scratch/users/kipnisal/dask-worker-space/worker-2y56yh7r', purging
distributed.diskutils - INFO - Found stale lock file and directory '/scratch/users/kipnisal/dask-worker-space/worker-a4m70f02', purging
distributed.diskutils - INFO - Found stale lock file and directory '/scratch/users/kipnisal/dask-worker-space/worker-k6_pwl_k', purging
distributed.worker - INFO -       Start worker at:    tcp://10.19.15.17:40055
distributed.worker - INFO -       Start worker at:    tcp://10.19.15.17:35407
distributed.worker - INFO -       Start worker at:    tcp://10.19.15.17:41338
distributed.worker - INFO -       Start worker at:    tcp://10.19.15.17:38599
distributed.worker - INFO -          Listening to:    tcp://10.19.15.17:40055
distributed.worker - INFO -       Start worker at:    tcp://10.19.15.17:34098
distributed.worker - INFO -          Listening to:    tcp://10.19.15.17:35407
distributed.worker - INFO -       Start worker at:    tcp://10.19.15.17:42330
distributed.worker - INFO -          Listening to:    tcp://10.19.15.17:41338
distributed.worker - INFO -       Start worker at:    tcp://10.19.15.17:39142
distributed.worker - INFO -          dashboard at:          10.19.15.17:37746
distributed.worker - INFO -          Listening to:    tcp://10.19.15.17:38599
distributed.worker - INFO -          Listening to:    tcp://10.19.15.17:34098
distributed.worker - INFO -          dashboard at:          10.19.15.17:38036
distributed.worker - INFO -          dashboard at:          10.19.15.17:36965
distributed.worker - INFO -          Listening to:    tcp://10.19.15.17:42330
distributed.worker - INFO - Waiting to connect to: tcp://171.66.103.143:44830
distributed.worker - INFO -          Listening to:    tcp://10.19.15.17:39142
distributed.worker - INFO -          dashboard at:          10.19.15.17:33819
distributed.worker - INFO - Waiting to connect to: tcp://171.66.103.143:44830
distributed.worker - INFO -          dashboard at:          10.19.15.17:40015
distributed.worker - INFO - Waiting to connect to: tcp://171.66.103.143:44830
distributed.worker - INFO - -------------------------------------------------
distributed.worker - INFO -          dashboard at:          10.19.15.17:46318
distributed.worker - INFO - Waiting to connect to: tcp://171.66.103.143:44830
distributed.worker - INFO -          dashboard at:          10.19.15.17:35287
distributed.worker - INFO - -------------------------------------------------
distributed.worker - INFO - -------------------------------------------------
distributed.worker - INFO - Waiting to connect to: tcp://171.66.103.143:44830
distributed.worker - INFO - -------------------------------------------------
distributed.worker - INFO - Waiting to connect to: tcp://171.66.103.143:44830
distributed.worker - INFO - Waiting to connect to: tcp://171.66.103.143:44830
distributed.worker - INFO - -------------------------------------------------
distributed.worker - INFO - -------------------------------------------------
distributed.worker - INFO - -------------------------------------------------
distributed.worker - INFO -               Threads:                          4
distributed.worker - INFO -               Threads:                          4
distributed.worker - INFO -               Threads:                          4
distributed.worker - INFO -                Memory:                  500.00 MB
distributed.worker - INFO -               Threads:                          4
distributed.worker - INFO -                Memory:                  500.00 MB
distributed.worker - INFO -                Memory:                  500.00 MB
distributed.worker - INFO -               Threads:                          4
distributed.worker - INFO -       Local Directory: /scratch/users/kipnisal/dask-worker-space/worker-dcoo7jua
distributed.worker - INFO -               Threads:                          4
distributed.worker - INFO -                Memory:                  500.00 MB
distributed.worker - INFO -               Threads:                          4
distributed.worker - INFO -       Local Directory: /scratch/users/kipnisal/dask-worker-space/worker-0tsw8k3e
distributed.worker - INFO -       Local Directory: /scratch/users/kipnisal/dask-worker-space/worker-1_oy7z3p
distributed.worker - INFO -                Memory:                  500.00 MB
distributed.worker - INFO -       Local Directory: /scratch/users/kipnisal/dask-worker-space/worker-hzpbk0lr
distributed.worker - INFO -                Memory:                  500.00 MB
distributed.worker - INFO -                Memory:                  500.00 MB
distributed.worker - INFO - -------------------------------------------------
distributed.worker - INFO -       Local Directory: /scratch/users/kipnisal/dask-worker-space/worker-yzgkk8xa
distributed.worker - INFO -       Local Directory: /scratch/users/kipnisal/dask-worker-space/worker-75sy79lf
distributed.worker - INFO -       Local Directory: /scratch/users/kipnisal/dask-worker-space/worker-dphg5rkd
distributed.worker - INFO - -------------------------------------------------
distributed.worker - INFO - -------------------------------------------------
distributed.worker - INFO - -------------------------------------------------
distributed.worker - INFO - -------------------------------------------------
distributed.worker - INFO - -------------------------------------------------
distributed.worker - INFO - -------------------------------------------------
distributed.worker - INFO -       Start worker at:    tcp://10.19.15.17:45930
distributed.worker - INFO -          Listening to:    tcp://10.19.15.17:45930
distributed.worker - INFO -          dashboard at:          10.19.15.17:38776
distributed.worker - INFO - Waiting to connect to: tcp://171.66.103.143:44830
distributed.worker - INFO - -------------------------------------------------
distributed.worker - INFO -               Threads:                          4
distributed.worker - INFO -                Memory:                  500.00 MB
distributed.worker - INFO -       Local Directory: /scratch/users/kipnisal/dask-worker-space/worker-6qyna4i4
distributed.worker - INFO - -------------------------------------------------
distributed.worker - INFO - Waiting to connect to: tcp://171.66.103.143:44830
distributed.worker - INFO - Waiting to connect to: tcp://171.66.103.143:44830
distributed.worker - INFO - Waiting to connect to: tcp://171.66.103.143:44830
distributed.worker - INFO - Waiting to connect to: tcp://171.66.103.143:44830
distributed.worker - INFO - Waiting to connect to: tcp://171.66.103.143:44830
distributed.worker - INFO - Waiting to connect to: tcp://171.66.103.143:44830
distributed.worker - INFO - Waiting to connect to: tcp://171.66.103.143:44830
distributed.worker - INFO - Waiting to connect to: tcp://171.66.103.143:44830
distributed.worker - INFO - Waiting to connect to: tcp://171.66.103.143:44830
distributed.worker - INFO - Waiting to connect to: tcp://171.66.103.143:44830
distributed.worker - INFO - Waiting to connect to: tcp://171.66.103.143:44830
distributed.worker - INFO - Waiting to connect to: tcp://171.66.103.143:44830
distributed.worker - INFO - Waiting to connect to: tcp://171.66.103.143:44830
distributed.worker - INFO - Waiting to connect to: tcp://171.66.103.143:44830
distributed.worker - INFO - Waiting to connect to: tcp://171.66.103.143:44830
distributed.worker - INFO - Waiting to connect to: tcp://171.66.103.143:44830
distributed.worker - INFO - Waiting to connect to: tcp://171.66.103.143:44830
distributed.worker - INFO - Waiting to connect to: tcp://171.66.103.143:44830
distributed.worker - INFO - Waiting to connect to: tcp://171.66.103.143:44830
distributed.worker - INFO - Waiting to connect to: tcp://171.66.103.143:44830
distributed.worker - INFO - Waiting to connect to: tcp://171.66.103.143:44830
distributed.worker - INFO - Waiting to connect to: tcp://171.66.103.143:44830
distributed.worker - INFO - Waiting to connect to: tcp://171.66.103.143:44830
distributed.worker - INFO - Waiting to connect to: tcp://171.66.103.143:44830
distributed.nanny - INFO - Closing Nanny at 'tcp://10.19.15.17:33716'
distributed.nanny - INFO - Closing Nanny at 'tcp://10.19.15.17:33269'
distributed.nanny - INFO - Closing Nanny at 'tcp://10.19.15.17:37883'
distributed.worker - INFO - Stopping worker at tcp://10.19.15.17:39142
distributed.nanny - INFO - Closing Nanny at 'tcp://10.19.15.17:45459'
distributed.worker - INFO - Closed worker has not yet started: Status.undefined
distributed.worker - INFO - Stopping worker at tcp://10.19.15.17:38599
distributed.nanny - INFO - Closing Nanny at 'tcp://10.19.15.17:37685'
distributed.worker - INFO - Closed worker has not yet started: Status.undefined
distributed.worker - INFO - Stopping worker at tcp://10.19.15.17:40055
distributed.nanny - INFO - Closing Nanny at 'tcp://10.19.15.17:34129'
distributed.worker - INFO - Closed worker has not yet started: Status.undefined
distributed.worker - INFO - Stopping worker at tcp://10.19.15.17:41338
distributed.nanny - INFO - Closing Nanny at 'tcp://10.19.15.17:40989'
distributed.worker - INFO - Closed worker has not yet started: Status.undefined
distributed.worker - INFO - Stopping worker at tcp://10.19.15.17:42330
distributed.worker - INFO - Closed worker has not yet started: Status.undefined
distributed.worker - INFO - Stopping worker at tcp://10.19.15.17:35407
distributed.worker - INFO - Closed worker has not yet started: Status.undefined
distributed.nanny - INFO - Closing Nanny at 'tcp://10.19.15.17:45043'
distributed.worker - INFO - Stopping worker at tcp://10.19.15.17:34098
distributed.worker - INFO - Closed worker has not yet started: Status.undefined
distributed.worker - INFO - Stopping worker at tcp://10.19.15.17:45930
distributed.worker - INFO - Closed worker has not yet started: Status.undefined
distributed.dask_worker - INFO - End worker
Traceback (most recent call last):
  File "/home/users/kipnisal/CJinstalled/miniconda/lib/python3.7/site-packages/distributed/core.py", line 271, in _
    await asyncio.wait_for(self.start(), timeout=timeout)
  File "/home/users/kipnisal/CJinstalled/miniconda/lib/python3.7/asyncio/tasks.py", line 449, in wait_for
    raise futures.TimeoutError()
concurrent.futures._base.TimeoutError

During handling of the above exception, another exception occurred:

Traceback (most recent call last):
  File "/home/users/kipnisal/CJinstalled/miniconda/lib/python3.7/runpy.py", line 193, in _run_module_as_main
    "__main__", mod_spec)
  File "/home/users/kipnisal/CJinstalled/miniconda/lib/python3.7/runpy.py", line 85, in _run_code
    exec(code, run_globals)
  File "/home/users/kipnisal/CJinstalled/miniconda/lib/python3.7/site-packages/distributed/cli/dask_worker.py", line 469, in <module>
    go()
  File "/home/users/kipnisal/CJinstalled/miniconda/lib/python3.7/site-packages/distributed/cli/dask_worker.py", line 465, in go
    main()
  File "/home/users/kipnisal/CJinstalled/miniconda/lib/python3.7/site-packages/click/core.py", line 829, in __call__
    return self.main(*args, **kwargs)
  File "/home/users/kipnisal/CJinstalled/miniconda/lib/python3.7/site-packages/click/core.py", line 782, in main
    rv = self.invoke(ctx)
  File "/home/users/kipnisal/CJinstalled/miniconda/lib/python3.7/site-packages/click/core.py", line 1066, in invoke
    return ctx.invoke(self.callback, **ctx.params)
  File "/home/users/kipnisal/CJinstalled/miniconda/lib/python3.7/site-packages/click/core.py", line 610, in invoke
    return callback(*args, **kwargs)
  File "/home/users/kipnisal/CJinstalled/miniconda/lib/python3.7/site-packages/distributed/cli/dask_worker.py", line 451, in main
    loop.run_sync(run)
  File "/home/users/kipnisal/CJinstalled/miniconda/lib/python3.7/site-packages/tornado/ioloop.py", line 530, in run_sync
    return future_cell[0].result()
  File "/home/users/kipnisal/CJinstalled/miniconda/lib/python3.7/site-packages/distributed/cli/dask_worker.py", line 445, in run
    await asyncio.gather(*nannies)
  File "/home/users/kipnisal/CJinstalled/miniconda/lib/python3.7/asyncio/tasks.py", line 630, in _wrap_awaitable
    return (yield from awaitable.__await__())
  File "/home/users/kipnisal/CJinstalled/miniconda/lib/python3.7/site-packages/distributed/core.py", line 277, in _
    type(self).__name__, timeout
concurrent.futures._base.TimeoutError: Nanny failed to start in 60 seconds
distributed.process - INFO - reaping stray process <SpawnProcess(Dask Worker process (from Nanny), started daemon)>
